Started GET "/" for 127.0.0.1 at 2017-07-04 16:49:25 +0530
Processing by Rails::WelcomeController#index as HTML
  Rendering /Users/kamlesh/.rvm/gems/ruby-2.3.3@rails-5/gems/railties-5.1.2/lib/rails/templates/rails/welcome/index.html.erb
  Rendered /Users/kamlesh/.rvm/gems/ruby-2.3.3@rails-5/gems/railties-5.1.2/lib/rails/templates/rails/welcome/index.html.erb (4.2ms)
Completed 200 OK in 186ms (Views: 9.3ms)


Started GET "/app_demo/index" for 127.0.0.1 at 2017-07-04 16:52:18 +0530
Processing by AppDemoController#index as HTML
  Rendering app_demo/index.html.erb within layouts/application
  Rendered app_demo/index.html.erb within layouts/application (0.8ms)
Completed 200 OK in 2016ms (Views: 2013.8ms)


Started GET "/app_demo/index" for 127.0.0.1 at 2017-07-04 16:53:01 +0530
Processing by AppDemoController#index as HTML
  Rendering app_demo/index.html.erb within layouts/application
  Rendered app_demo/index.html.erb within layouts/application (0.5ms)
Completed 200 OK in 22ms (Views: 19.2ms)


Started GET "/app_demo/index" for 127.0.0.1 at 2017-07-04 16:53:03 +0530
Processing by AppDemoController#index as HTML
  Rendering app_demo/index.html.erb within layouts/application
  Rendered app_demo/index.html.erb within layouts/application (0.6ms)
Completed 200 OK in 23ms (Views: 20.9ms)


Started GET "/app_demo/index" for 127.0.0.1 at 2017-07-04 16:54:09 +0530
Processing by AppDemoController#index as HTML
  Rendering app_demo/index.html.erb within layouts/application
  Rendered app_demo/index.html.erb within layouts/application (0.5ms)
Completed 200 OK in 40ms (Views: 38.4ms)


Started GET "/app_demo/index" for 127.0.0.1 at 2017-07-04 16:59:08 +0530
Processing by AppDemoController#index as HTML
  Rendering app_demo/index.html.erb within layouts/application
  Rendered app_demo/index.html.erb within layouts/application (1.2ms)
Completed 200 OK in 1781ms (Views: 1604.9ms)


Started GET "/app_demo/index" for 127.0.0.1 at 2017-07-04 16:59:12 +0530
Processing by AppDemoController#index as HTML
  Rendering app_demo/index.html.erb within layouts/application
  Rendered app_demo/index.html.erb within layouts/application (0.5ms)
Completed 200 OK in 22ms (Views: 19.5ms)


Started GET "/app_demo/index" for 127.0.0.1 at 2017-07-04 17:00:40 +0530
Processing by AppDemoController#index as HTML
  Rendering app_demo/index.html.erb within layouts/application
  Rendered app_demo/index.html.erb within layouts/application (0.5ms)
Completed 200 OK in 26ms (Views: 23.7ms)


Started GET "/app_demo/index" for 127.0.0.1 at 2017-07-04 17:00:42 +0530
Processing by AppDemoController#index as HTML
  Rendering app_demo/index.html.erb within layouts/application
  Rendered app_demo/index.html.erb within layouts/application (0.4ms)
Completed 200 OK in 24ms (Views: 22.2ms)


Started GET "/app_demo/index" for 127.0.0.1 at 2017-07-04 17:01:04 +0530
Processing by AppDemoController#index as HTML
  Rendering app_demo/index.html.erb within layouts/application
  Rendered app_demo/index.html.erb within layouts/application (0.5ms)
Completed 200 OK in 30ms (Views: 28.3ms)


Started GET "/app_demo/index" for 127.0.0.1 at 2017-07-04 17:01:07 +0530
Processing by AppDemoController#index as HTML
  Rendering app_demo/index.html.erb within layouts/application
  Rendered app_demo/index.html.erb within layouts/application (0.4ms)
Completed 200 OK in 22ms (Views: 20.3ms)


Started GET "/app_demo/index" for 127.0.0.1 at 2017-07-04 17:01:23 +0530
Processing by AppDemoController#index as HTML
  Rendering app_demo/index.html.erb within layouts/application
  Rendered app_demo/index.html.erb within layouts/application (0.4ms)
Completed 500 Internal Server Error in 22ms


  
ActionView::Template::Error (Invalid CSS after "...ootstrap-theme'": expected "{", was ""):
    4:     <title>RailsReactDemoapp</title>
    5:     <%= csrf_meta_tags %>
    6: 
    7:     <%= stylesheet_link_tag    'application', media: 'all', 'data-turbolinks-track': 'reload' %>
    8:     <%= javascript_include_tag 'application', 'data-turbolinks-track': 'reload' %>
    9:     <%= javascript_pack_tag 'hello_react' %>
   10:   </head>
  
app/assets/stylesheets/app_demo.scss:6
app/views/layouts/application.html.erb:7:in `_app_views_layouts_application_html_erb___586344252544455767_70304038738580'
Started GET "/app_demo/index" for 127.0.0.1 at 2017-07-04 17:02:49 +0530
Processing by AppDemoController#index as HTML
  Rendering app_demo/index.html.erb within layouts/application
  Rendered app_demo/index.html.erb within layouts/application (0.4ms)
Completed 500 Internal Server Error in 18ms


  
ActionView::Template::Error (Invalid CSS after ".../css/bootstrap'": expected selector or at-rule, was "@import '~boots..."):
    4:     <title>RailsReactDemoapp</title>
    5:     <%= csrf_meta_tags %>
    6: 
    7:     <%= stylesheet_link_tag    'application', media: 'all', 'data-turbolinks-track': 'reload' %>
    8:     <%= javascript_include_tag 'application', 'data-turbolinks-track': 'reload' %>
    9:     <%= javascript_pack_tag 'hello_react' %>
   10:   </head>
  
app/assets/stylesheets/app_demo.scss:5
app/views/layouts/application.html.erb:7:in `_app_views_layouts_application_html_erb___586344252544455767_70304027367580'
Started GET "/app_demo/index" for 127.0.0.1 at 2017-07-04 17:02:51 +0530
Processing by AppDemoController#index as HTML
  Rendering app_demo/index.html.erb within layouts/application
  Rendered app_demo/index.html.erb within layouts/application (0.4ms)
Completed 500 Internal Server Error in 15ms


  
ActionView::Template::Error (Invalid CSS after ".../css/bootstrap'": expected selector or at-rule, was "@import '~boots..."):
    4:     <title>RailsReactDemoapp</title>
    5:     <%= csrf_meta_tags %>
    6: 
    7:     <%= stylesheet_link_tag    'application', media: 'all', 'data-turbolinks-track': 'reload' %>
    8:     <%= javascript_include_tag 'application', 'data-turbolinks-track': 'reload' %>
    9:     <%= javascript_pack_tag 'hello_react' %>
   10:   </head>
  
app/assets/stylesheets/app_demo.scss:5
app/views/layouts/application.html.erb:7:in `_app_views_layouts_application_html_erb___586344252544455767_70303981743400'
Started GET "/app_demo/index" for 127.0.0.1 at 2017-07-04 17:07:36 +0530
Processing by AppDemoController#index as HTML
  Rendering app_demo/index.html.erb within layouts/application
  Rendered app_demo/index.html.erb within layouts/application (1.3ms)
Completed 200 OK in 187ms (Views: 10.2ms)


Started GET "/app_demo/index" for 127.0.0.1 at 2017-07-04 17:07:42 +0530
Processing by AppDemoController#index as HTML
  Rendering app_demo/index.html.erb within layouts/application
  Rendered app_demo/index.html.erb within layouts/application (0.4ms)
Completed 200 OK in 9ms (Views: 6.6ms)


Started GET "/app_demo/index" for 127.0.0.1 at 2017-07-04 17:08:14 +0530
Processing by AppDemoController#index as HTML
  Rendering app_demo/index.html.erb within layouts/application
  Rendered app_demo/index.html.erb within layouts/application (0.5ms)
Completed 500 Internal Server Error in 195ms


  
ActionView::Template::Error (Invalid CSS after ".../css/bootstrap'": expected selector or at-rule, was "@import '~boots..."):
    4:     <title>RailsReactDemoapp</title>
    5:     <%= csrf_meta_tags %>
    6: 
    7:     <%= stylesheet_link_tag    'application', media: 'all', 'data-turbolinks-track': 'reload' %>
    8:     <%= javascript_include_tag 'application', 'data-turbolinks-track': 'reload' %>
    9:     <%= javascript_pack_tag 'hello_react' %>
   10:   </head>
  
app/assets/stylesheets/app_demo.scss:5
app/views/layouts/application.html.erb:7:in `_app_views_layouts_application_html_erb___630823322264908955_70101848306380'
Started GET "/app_demo/index" for 127.0.0.1 at 2017-07-04 17:08:27 +0530
Processing by AppDemoController#index as HTML
  Rendering app_demo/index.html.erb within layouts/application
  Rendered app_demo/index.html.erb within layouts/application (0.4ms)
Completed 200 OK in 169ms (Views: 166.4ms)


Started GET "/app_demo/index" for 127.0.0.1 at 2017-07-04 17:08:29 +0530
Processing by AppDemoController#index as HTML
  Rendering app_demo/index.html.erb within layouts/application
  Rendered app_demo/index.html.erb within layouts/application (0.5ms)
Completed 200 OK in 23ms (Views: 20.4ms)


Started GET "/app_demo/index" for 127.0.0.1 at 2017-07-04 17:08:57 +0530
Processing by AppDemoController#index as HTML
  Rendering app_demo/index.html.erb within layouts/application
  Rendered app_demo/index.html.erb within layouts/application (0.4ms)
Completed 200 OK in 23ms (Views: 20.2ms)


Started GET "/app_demo/index" for 127.0.0.1 at 2017-07-04 17:09:01 +0530
Processing by AppDemoController#index as HTML
  Rendering app_demo/index.html.erb within layouts/application
  Rendered app_demo/index.html.erb within layouts/application (0.4ms)
Completed 200 OK in 23ms (Views: 21.2ms)


Started GET "/app_demo/index" for 127.0.0.1 at 2017-07-04 17:11:14 +0530
Processing by AppDemoController#index as HTML
  Rendering app_demo/index.html.erb within layouts/application
  Rendered app_demo/index.html.erb within layouts/application (1.2ms)
Completed 200 OK in 511ms (Views: 340.6ms)


Started GET "/app_demo/index" for 127.0.0.1 at 2017-07-05 09:59:50 +0530
Processing by AppDemoController#index as HTML
  Rendering app_demo/index.html.erb within layouts/application
  Rendered app_demo/index.html.erb within layouts/application (2.2ms)
Started GET "/app_demo/index" for 127.0.0.1 at 2017-07-05 09:59:53 +0530
Processing by AppDemoController#index as HTML
  Rendering app_demo/index.html.erb within layouts/application
  Rendered app_demo/index.html.erb within layouts/application (0.4ms)
Completed 200 OK in 94ms (Views: 90.9ms)


Completed 200 OK in 3071ms (Views: 2747.8ms)


Started GET "/app_demo/index" for 127.0.0.1 at 2017-07-05 09:59:56 +0530
Processing by AppDemoController#index as HTML
  Rendering app_demo/index.html.erb within layouts/application
  Rendered app_demo/index.html.erb within layouts/application (0.5ms)
Completed 200 OK in 24ms (Views: 21.1ms)


Started GET "/app_demo/index" for 127.0.0.1 at 2017-07-05 10:01:09 +0530
Processing by AppDemoController#index as HTML
  Rendering app_demo/index.html.erb within layouts/application
  Rendered app_demo/index.html.erb within layouts/application (0.7ms)
Completed 200 OK in 23ms (Views: 20.9ms)


Started GET "/" for 127.0.0.1 at 2017-07-05 10:31:08 +0530
Processing by Rails::WelcomeController#index as HTML
  Rendering /Users/kamlesh/.rvm/gems/ruby-2.3.3@rails-5/gems/railties-5.1.2/lib/rails/templates/rails/welcome/index.html.erb
  Rendered /Users/kamlesh/.rvm/gems/ruby-2.3.3@rails-5/gems/railties-5.1.2/lib/rails/templates/rails/welcome/index.html.erb (4.9ms)
Completed 200 OK in 197ms (Views: 10.0ms)


Started GET "/app_demo/index" for 127.0.0.1 at 2017-07-05 10:31:14 +0530
Processing by AppDemoController#index as HTML
  Rendering app_demo/index.html.erb within layouts/application
  Rendered app_demo/index.html.erb within layouts/application (1.2ms)
Completed 200 OK in 1739ms (Views: 1735.6ms)


Started GET "/app_demo/index" for 127.0.0.1 at 2017-07-05 10:31:47 +0530
Processing by AppDemoController#index as HTML
  Rendering app_demo/index.html.erb within layouts/application
  Rendered app_demo/index.html.erb within layouts/application (0.5ms)
Completed 200 OK in 27ms (Views: 25.1ms)


Started GET "/app_demo/index" for 127.0.0.1 at 2017-07-05 10:58:23 +0530
Processing by AppDemoController#index as HTML
  Rendering app_demo/index.html.erb within layouts/application
  Rendered app_demo/index.html.erb within layouts/application (0.7ms)
Completed 200 OK in 28ms (Views: 25.6ms)


Started GET "/app_demo/index" for 127.0.0.1 at 2017-07-05 10:58:26 +0530
Processing by AppDemoController#index as HTML
  Rendering app_demo/index.html.erb within layouts/application
  Rendered app_demo/index.html.erb within layouts/application (0.5ms)
Completed 200 OK in 27ms (Views: 25.3ms)


Started GET "/app_demo/index" for 127.0.0.1 at 2017-07-05 11:00:12 +0530
Processing by AppDemoController#index as HTML
  Rendering app_demo/index.html.erb within layouts/application
  Rendered app_demo/index.html.erb within layouts/application (0.4ms)
Completed 200 OK in 26ms (Views: 24.4ms)


Started GET "/app_demo/index" for 127.0.0.1 at 2017-07-05 11:00:14 +0530
Processing by AppDemoController#index as HTML
  Rendering app_demo/index.html.erb within layouts/application
  Rendered app_demo/index.html.erb within layouts/application (0.4ms)
Completed 200 OK in 24ms (Views: 22.4ms)


Started GET "/app_demo/index" for 127.0.0.1 at 2017-07-05 11:01:56 +0530
Processing by AppDemoController#index as HTML
  Rendering app_demo/index.html.erb within layouts/application
  Rendered app_demo/index.html.erb within layouts/application (0.6ms)
Completed 200 OK in 33ms (Views: 30.0ms)


Started GET "/app_demo/index" for 127.0.0.1 at 2017-07-05 11:02:36 +0530
Processing by AppDemoController#index as HTML
  Rendering app_demo/index.html.erb within layouts/application
  Rendered app_demo/index.html.erb within layouts/application (0.7ms)
Completed 200 OK in 33ms (Views: 30.2ms)


Started GET "/app_demo/index" for 127.0.0.1 at 2017-07-05 11:02:58 +0530
Processing by AppDemoController#index as HTML
  Rendering app_demo/index.html.erb within layouts/application
  Rendered app_demo/index.html.erb within layouts/application (0.7ms)
Completed 200 OK in 39ms (Views: 30.8ms)


Started GET "/app_demo/index" for 127.0.0.1 at 2017-07-05 11:04:28 +0530
Processing by AppDemoController#index as HTML
  Rendering app_demo/index.html.erb within layouts/application
  Rendered app_demo/index.html.erb within layouts/application (0.7ms)
Completed 200 OK in 27ms (Views: 23.7ms)


Started GET "/app_demo/index" for 127.0.0.1 at 2017-07-05 11:04:38 +0530
Processing by AppDemoController#index as HTML
  Rendering app_demo/index.html.erb within layouts/application
  Rendered app_demo/index.html.erb within layouts/application (1.4ms)
Completed 200 OK in 34ms (Views: 31.6ms)


Started GET "/app_demo/index" for 127.0.0.1 at 2017-07-05 11:04:41 +0530
Processing by AppDemoController#index as HTML
  Rendering app_demo/index.html.erb within layouts/application
  Rendered app_demo/index.html.erb within layouts/application (0.6ms)
Completed 200 OK in 33ms (Views: 29.9ms)


Started GET "/app_demo/index" for 127.0.0.1 at 2017-07-05 11:04:58 +0530
Processing by AppDemoController#index as HTML
  Rendering app_demo/index.html.erb within layouts/application
  Rendered app_demo/index.html.erb within layouts/application (0.5ms)
Completed 200 OK in 28ms (Views: 24.8ms)


Started GET "/app_demo/index" for 127.0.0.1 at 2017-07-05 11:05:20 +0530
Processing by AppDemoController#index as HTML
  Rendering app_demo/index.html.erb within layouts/application
  Rendered app_demo/index.html.erb within layouts/application (0.4ms)
Completed 200 OK in 25ms (Views: 21.7ms)


Started GET "/app_demo/index" for 127.0.0.1 at 2017-07-05 11:05:27 +0530
Processing by AppDemoController#index as HTML
  Rendering app_demo/index.html.erb within layouts/application
  Rendered app_demo/index.html.erb within layouts/application (0.8ms)
Completed 200 OK in 29ms (Views: 25.8ms)


Started GET "/app_demo/index" for 127.0.0.1 at 2017-07-05 11:05:42 +0530
Processing by AppDemoController#index as HTML
  Rendering app_demo/index.html.erb within layouts/application
  Rendered app_demo/index.html.erb within layouts/application (1.5ms)
Completed 200 OK in 42ms (Views: 38.7ms)


Started GET "/app_demo/index" for 127.0.0.1 at 2017-07-05 11:05:48 +0530
Processing by AppDemoController#index as HTML
  Rendering app_demo/index.html.erb within layouts/application
  Rendered app_demo/index.html.erb within layouts/application (0.8ms)
Completed 200 OK in 29ms (Views: 26.5ms)


Started GET "/app_demo/index" for 127.0.0.1 at 2017-07-05 11:10:19 +0530
Processing by AppDemoController#index as HTML
  Rendering app_demo/index.html.erb within layouts/application
  Rendered app_demo/index.html.erb within layouts/application (0.5ms)
Completed 200 OK in 27ms (Views: 23.8ms)


Started GET "/app_demo/index" for 127.0.0.1 at 2017-07-05 11:10:25 +0530
Processing by AppDemoController#index as HTML
  Rendering app_demo/index.html.erb within layouts/application
  Rendered app_demo/index.html.erb within layouts/application (0.7ms)
Completed 200 OK in 34ms (Views: 31.5ms)


Started GET "/app_demo/index" for 127.0.0.1 at 2017-07-05 11:10:28 +0530
Processing by AppDemoController#index as HTML
  Rendering app_demo/index.html.erb within layouts/application
  Rendered app_demo/index.html.erb within layouts/application (0.6ms)
Completed 200 OK in 34ms (Views: 31.9ms)


Started GET "/app_demo/index" for 127.0.0.1 at 2017-07-05 11:11:27 +0530
Processing by AppDemoController#index as HTML
  Rendering app_demo/index.html.erb within layouts/application
  Rendered app_demo/index.html.erb within layouts/application (0.5ms)
Completed 200 OK in 46ms (Views: 41.8ms)


Started GET "/app_demo/index" for 127.0.0.1 at 2017-07-05 11:11:38 +0530
Processing by AppDemoController#index as HTML
  Rendering app_demo/index.html.erb within layouts/application
  Rendered app_demo/index.html.erb within layouts/application (0.6ms)
Completed 200 OK in 42ms (Views: 38.6ms)


Started GET "/app_demo/index" for 127.0.0.1 at 2017-07-05 11:11:52 +0530
Processing by AppDemoController#index as HTML
  Rendering app_demo/index.html.erb within layouts/application
  Rendered app_demo/index.html.erb within layouts/application (0.6ms)
Completed 200 OK in 36ms (Views: 33.5ms)


Started GET "/app_demo/index" for 127.0.0.1 at 2017-07-05 11:12:18 +0530
Processing by AppDemoController#index as HTML
  Rendering app_demo/index.html.erb within layouts/application
  Rendered app_demo/index.html.erb within layouts/application (0.8ms)
Completed 200 OK in 41ms (Views: 33.9ms)


Started GET "/app_demo/index" for 127.0.0.1 at 2017-07-05 11:12:51 +0530
Processing by AppDemoController#index as HTML
  Rendering app_demo/index.html.erb within layouts/application
  Rendered app_demo/index.html.erb within layouts/application (0.8ms)
Completed 200 OK in 35ms (Views: 31.8ms)


Started GET "/app_demo/index" for 127.0.0.1 at 2017-07-05 11:13:02 +0530
Processing by AppDemoController#index as HTML
  Rendering app_demo/index.html.erb within layouts/application
  Rendered app_demo/index.html.erb within layouts/application (0.6ms)
Completed 200 OK in 31ms (Views: 27.6ms)


Started GET "/app_demo/index" for 127.0.0.1 at 2017-07-05 11:14:06 +0530
Processing by AppDemoController#index as HTML
  Rendering app_demo/index.html.erb within layouts/application
  Rendered app_demo/index.html.erb within layouts/application (0.5ms)
Completed 200 OK in 23ms (Views: 20.4ms)


Started GET "/app_demo/index" for 127.0.0.1 at 2017-07-05 11:14:26 +0530
Processing by AppDemoController#index as HTML
  Rendering app_demo/index.html.erb within layouts/application
  Rendered app_demo/index.html.erb within layouts/application (0.6ms)
Completed 200 OK in 42ms (Views: 37.7ms)


Started GET "/app_demo/index" for 127.0.0.1 at 2017-07-05 11:17:13 +0530
Processing by AppDemoController#index as HTML
  Rendering app_demo/index.html.erb within layouts/application
  Rendered app_demo/index.html.erb within layouts/application (0.4ms)
Completed 200 OK in 26ms (Views: 22.6ms)


Started GET "/app_demo/index" for 127.0.0.1 at 2017-07-05 11:18:11 +0530
Processing by AppDemoController#index as HTML
  Rendering app_demo/index.html.erb within layouts/application
  Rendered app_demo/index.html.erb within layouts/application (0.4ms)
Completed 200 OK in 26ms (Views: 23.2ms)


Started GET "/app_demo/index" for 127.0.0.1 at 2017-07-05 11:18:35 +0530
Processing by AppDemoController#index as HTML
  Rendering app_demo/index.html.erb within layouts/application
  Rendered app_demo/index.html.erb within layouts/application (0.4ms)
Completed 200 OK in 43ms (Views: 40.7ms)


Started GET "/app_demo/index" for 127.0.0.1 at 2017-07-05 11:18:47 +0530
Processing by AppDemoController#index as HTML
  Rendering app_demo/index.html.erb within layouts/application
  Rendered app_demo/index.html.erb within layouts/application (0.5ms)
Completed 200 OK in 29ms (Views: 26.3ms)


Started GET "/app_demo/index" for 127.0.0.1 at 2017-07-05 11:18:55 +0530
Processing by AppDemoController#index as HTML
  Rendering app_demo/index.html.erb within layouts/application
  Rendered app_demo/index.html.erb within layouts/application (0.6ms)
Completed 200 OK in 33ms (Views: 30.2ms)


Started GET "/app_demo/index" for 127.0.0.1 at 2017-07-05 11:19:20 +0530
Processing by AppDemoController#index as HTML
  Rendering app_demo/index.html.erb within layouts/application
  Rendered app_demo/index.html.erb within layouts/application (0.5ms)
Completed 200 OK in 53ms (Views: 49.4ms)


Started GET "/app_demo/index" for 127.0.0.1 at 2017-07-05 11:19:56 +0530
Processing by AppDemoController#index as HTML
  Rendering app_demo/index.html.erb within layouts/application
  Rendered app_demo/index.html.erb within layouts/application (0.5ms)
Completed 200 OK in 50ms (Views: 45.5ms)


Started GET "/app_demo/index" for 127.0.0.1 at 2017-07-05 11:20:02 +0530
Processing by AppDemoController#index as HTML
  Rendering app_demo/index.html.erb within layouts/application
  Rendered app_demo/index.html.erb within layouts/application (0.7ms)
Completed 200 OK in 36ms (Views: 33.2ms)


Started GET "/app_demo/index" for 127.0.0.1 at 2017-07-05 11:20:30 +0530
Processing by AppDemoController#index as HTML
  Rendering app_demo/index.html.erb within layouts/application
  Rendered app_demo/index.html.erb within layouts/application (0.7ms)
Completed 200 OK in 36ms (Views: 31.9ms)


Started GET "/app_demo/index" for 127.0.0.1 at 2017-07-05 11:20:43 +0530
Processing by AppDemoController#index as HTML
  Rendering app_demo/index.html.erb within layouts/application
  Rendered app_demo/index.html.erb within layouts/application (1.4ms)
Completed 200 OK in 48ms (Views: 41.1ms)


Started GET "/app_demo/index" for 127.0.0.1 at 2017-07-05 11:21:11 +0530
Processing by AppDemoController#index as HTML
  Rendering app_demo/index.html.erb within layouts/application
  Rendered app_demo/index.html.erb within layouts/application (0.7ms)
Completed 200 OK in 42ms (Views: 38.3ms)


Started GET "/app_demo/index" for 127.0.0.1 at 2017-07-05 11:21:30 +0530
Processing by AppDemoController#index as HTML
  Rendering app_demo/index.html.erb within layouts/application
  Rendered app_demo/index.html.erb within layouts/application (0.8ms)
Completed 200 OK in 40ms (Views: 36.4ms)


Started GET "/app_demo/index" for 127.0.0.1 at 2017-07-05 11:21:42 +0530
Processing by AppDemoController#index as HTML
  Rendering app_demo/index.html.erb within layouts/application
  Rendered app_demo/index.html.erb within layouts/application (0.5ms)
Completed 200 OK in 31ms (Views: 26.5ms)


Started GET "/app_demo/index" for 127.0.0.1 at 2017-07-05 11:22:14 +0530
Processing by AppDemoController#index as HTML
  Rendering app_demo/index.html.erb within layouts/application
  Rendered app_demo/index.html.erb within layouts/application (0.9ms)
Completed 200 OK in 42ms (Views: 38.3ms)


Started GET "/app_demo/index" for 127.0.0.1 at 2017-07-05 11:27:31 +0530
Processing by AppDemoController#index as HTML
  Rendering app_demo/index.html.erb within layouts/application
  Rendered app_demo/index.html.erb within layouts/application (0.4ms)
Completed 200 OK in 31ms (Views: 27.9ms)


Started GET "/app_demo/index" for 127.0.0.1 at 2017-07-05 11:27:44 +0530
Processing by AppDemoController#index as HTML
  Rendering app_demo/index.html.erb within layouts/application
  Rendered app_demo/index.html.erb within layouts/application (0.7ms)
Completed 200 OK in 33ms (Views: 29.6ms)


Started GET "/app_demo/index" for 127.0.0.1 at 2017-07-05 11:27:50 +0530
Processing by AppDemoController#index as HTML
  Rendering app_demo/index.html.erb within layouts/application
  Rendered app_demo/index.html.erb within layouts/application (0.9ms)
Completed 200 OK in 33ms (Views: 30.9ms)


Started GET "/app_demo/index" for 127.0.0.1 at 2017-07-05 11:27:53 +0530
Processing by AppDemoController#index as HTML
  Rendering app_demo/index.html.erb within layouts/application
  Rendered app_demo/index.html.erb within layouts/application (0.7ms)
Completed 200 OK in 38ms (Views: 35.5ms)


Started GET "/app_demo/index" for 127.0.0.1 at 2017-07-05 13:02:54 +0530
Processing by AppDemoController#index as HTML
  Rendering app_demo/index.html.erb within layouts/application
  Rendered app_demo/index.html.erb within layouts/application (0.5ms)
Completed 200 OK in 40ms (Views: 37.2ms)


Started GET "/app_demo/index" for 127.0.0.1 at 2017-07-05 13:03:08 +0530
Processing by AppDemoController#index as HTML
  Rendering app_demo/index.html.erb within layouts/application
  Rendered app_demo/index.html.erb within layouts/application (1.1ms)
Completed 200 OK in 35ms (Views: 31.7ms)


Started GET "/app_demo/index" for 127.0.0.1 at 2017-07-05 13:04:21 +0530
Processing by AppDemoController#index as HTML
  Rendering app_demo/index.html.erb within layouts/application
  Rendered app_demo/index.html.erb within layouts/application (0.7ms)
Completed 200 OK in 35ms (Views: 31.8ms)


Started GET "/app_demo/index" for 127.0.0.1 at 2017-07-05 13:08:16 +0530
Processing by AppDemoController#index as HTML
  Rendering app_demo/index.html.erb within layouts/application
  Rendered app_demo/index.html.erb within layouts/application (0.6ms)
Completed 200 OK in 51ms (Views: 46.6ms)


Started GET "/app_demo/index" for 127.0.0.1 at 2017-07-05 13:08:38 +0530
Processing by AppDemoController#index as HTML
  Rendering app_demo/index.html.erb within layouts/application
  Rendered app_demo/index.html.erb within layouts/application (0.6ms)
Completed 200 OK in 40ms (Views: 37.4ms)


Started GET "/app_demo/index" for 127.0.0.1 at 2017-07-05 13:09:25 +0530
Processing by AppDemoController#index as HTML
  Rendering app_demo/index.html.erb within layouts/application
  Rendered app_demo/index.html.erb within layouts/application (0.8ms)
Completed 200 OK in 39ms (Views: 36.1ms)


Started GET "/app_demo/index" for 127.0.0.1 at 2017-07-05 13:09:39 +0530
Processing by AppDemoController#index as HTML
  Rendering app_demo/index.html.erb within layouts/application
  Rendered app_demo/index.html.erb within layouts/application (0.6ms)
Completed 200 OK in 47ms (Views: 41.3ms)


Started GET "/app_demo/index" for 127.0.0.1 at 2017-07-05 13:10:20 +0530
Processing by AppDemoController#index as HTML
  Rendering app_demo/index.html.erb within layouts/application
  Rendered app_demo/index.html.erb within layouts/application (0.6ms)
Completed 200 OK in 42ms (Views: 36.3ms)


Started GET "/app_demo/index" for 127.0.0.1 at 2017-07-05 13:12:25 +0530
Processing by AppDemoController#index as HTML
  Rendering app_demo/index.html.erb within layouts/application
  Rendered app_demo/index.html.erb within layouts/application (0.5ms)
Completed 200 OK in 46ms (Views: 41.7ms)


Started GET "/app_demo/index" for 127.0.0.1 at 2017-07-05 13:14:36 +0530
Processing by AppDemoController#index as HTML
  Rendering app_demo/index.html.erb within layouts/application
  Rendered app_demo/index.html.erb within layouts/application (0.6ms)
Completed 200 OK in 35ms (Views: 31.4ms)


Started GET "/app_demo/index" for 127.0.0.1 at 2017-07-05 13:17:31 +0530
Processing by AppDemoController#index as HTML
  Rendering app_demo/index.html.erb within layouts/application
  Rendered app_demo/index.html.erb within layouts/application (0.7ms)
Completed 200 OK in 36ms (Views: 33.2ms)


Started GET "/app_demo/index" for 127.0.0.1 at 2017-07-05 13:18:31 +0530
Processing by AppDemoController#index as HTML
  Rendering app_demo/index.html.erb within layouts/application
  Rendered app_demo/index.html.erb within layouts/application (0.6ms)
Completed 200 OK in 39ms (Views: 36.4ms)


Started GET "/app_demo/index" for 127.0.0.1 at 2017-07-05 13:18:58 +0530
Processing by AppDemoController#index as HTML
  Rendering app_demo/index.html.erb within layouts/application
  Rendered app_demo/index.html.erb within layouts/application (0.6ms)
Completed 200 OK in 39ms (Views: 36.2ms)


Started GET "/app_demo/index" for 127.0.0.1 at 2017-07-05 13:20:12 +0530
Processing by AppDemoController#index as HTML
  Rendering app_demo/index.html.erb within layouts/application
  Rendered app_demo/index.html.erb within layouts/application (0.7ms)
Completed 200 OK in 40ms (Views: 36.3ms)


Started GET "/app_demo/index" for 127.0.0.1 at 2017-07-05 13:20:49 +0530
Processing by AppDemoController#index as HTML
  Rendering app_demo/index.html.erb within layouts/application
  Rendered app_demo/index.html.erb within layouts/application (0.7ms)
Completed 200 OK in 43ms (Views: 39.5ms)


Started GET "/app_demo/index" for 127.0.0.1 at 2017-07-05 13:21:33 +0530
Processing by AppDemoController#index as HTML
  Rendering app_demo/index.html.erb within layouts/application
  Rendered app_demo/index.html.erb within layouts/application (1.6ms)
Completed 200 OK in 38ms (Views: 33.6ms)


Started GET "/app_demo/index" for 127.0.0.1 at 2017-07-05 13:23:22 +0530
Processing by AppDemoController#index as HTML
  Rendering app_demo/index.html.erb within layouts/application
  Rendered app_demo/index.html.erb within layouts/application (0.5ms)
Completed 200 OK in 38ms (Views: 34.4ms)


Started GET "/app_demo/index" for 127.0.0.1 at 2017-07-05 13:23:52 +0530
Processing by AppDemoController#index as HTML
  Rendering app_demo/index.html.erb within layouts/application
  Rendered app_demo/index.html.erb within layouts/application (0.5ms)
Completed 200 OK in 37ms (Views: 34.1ms)


Started GET "/app_demo/index" for 127.0.0.1 at 2017-07-05 13:26:13 +0530
Processing by AppDemoController#index as HTML
  Rendering app_demo/index.html.erb within layouts/application
  Rendered app_demo/index.html.erb within layouts/application (0.7ms)
Completed 200 OK in 41ms (Views: 33.5ms)


Started GET "/app_demo/index" for 127.0.0.1 at 2017-07-05 13:26:31 +0530
Processing by AppDemoController#index as HTML
  Rendering app_demo/index.html.erb within layouts/application
  Rendered app_demo/index.html.erb within layouts/application (0.5ms)
Completed 200 OK in 49ms (Views: 43.7ms)


Started GET "/app_demo/index" for 127.0.0.1 at 2017-07-05 13:26:36 +0530
Processing by AppDemoController#index as HTML
  Rendering app_demo/index.html.erb within layouts/application
  Rendered app_demo/index.html.erb within layouts/application (0.7ms)
Completed 200 OK in 40ms (Views: 37.4ms)


Started GET "/app_demo/index" for 127.0.0.1 at 2017-07-05 13:28:40 +0530
Processing by AppDemoController#index as HTML
  Rendering app_demo/index.html.erb within layouts/application
  Rendered app_demo/index.html.erb within layouts/application (0.6ms)
Completed 200 OK in 38ms (Views: 34.2ms)


Started GET "/app_demo/index" for 127.0.0.1 at 2017-07-05 13:29:24 +0530
Processing by AppDemoController#index as HTML
  Rendering app_demo/index.html.erb within layouts/application
  Rendered app_demo/index.html.erb within layouts/application (0.6ms)
Completed 200 OK in 45ms (Views: 41.1ms)


Started GET "/app_demo/index" for 127.0.0.1 at 2017-07-05 13:30:24 +0530
Processing by AppDemoController#index as HTML
  Rendering app_demo/index.html.erb within layouts/application
  Rendered app_demo/index.html.erb within layouts/application (0.5ms)
Completed 200 OK in 37ms (Views: 32.2ms)


Started GET "/app_demo/index" for 127.0.0.1 at 2017-07-05 13:31:35 +0530
Processing by AppDemoController#index as HTML
  Rendering app_demo/index.html.erb within layouts/application
  Rendered app_demo/index.html.erb within layouts/application (0.6ms)
Completed 200 OK in 41ms (Views: 38.2ms)


Started GET "/app_demo/index" for 127.0.0.1 at 2017-07-05 13:31:41 +0530
Processing by AppDemoController#index as HTML
  Rendering app_demo/index.html.erb within layouts/application
  Rendered app_demo/index.html.erb within layouts/application (0.7ms)
Completed 200 OK in 40ms (Views: 37.0ms)


Started GET "/app_demo/index" for 127.0.0.1 at 2017-07-05 13:31:47 +0530
Processing by AppDemoController#index as HTML
  Rendering app_demo/index.html.erb within layouts/application
  Rendered app_demo/index.html.erb within layouts/application (0.7ms)
Completed 200 OK in 38ms (Views: 34.1ms)


Started GET "/app_demo/index" for 127.0.0.1 at 2017-07-05 13:32:55 +0530
Processing by AppDemoController#index as HTML
  Rendering app_demo/index.html.erb within layouts/application
  Rendered app_demo/index.html.erb within layouts/application (0.6ms)
Completed 200 OK in 39ms (Views: 36.2ms)


Started GET "/app_demo/index" for 127.0.0.1 at 2017-07-05 13:33:01 +0530
Processing by AppDemoController#index as HTML
  Rendering app_demo/index.html.erb within layouts/application
  Rendered app_demo/index.html.erb within layouts/application (1.2ms)
Completed 200 OK in 39ms (Views: 37.0ms)


Started GET "/app_demo/index" for 127.0.0.1 at 2017-07-05 13:33:19 +0530
Processing by AppDemoController#index as HTML
  Rendering app_demo/index.html.erb within layouts/application
  Rendered app_demo/index.html.erb within layouts/application (0.6ms)
Completed 200 OK in 42ms (Views: 38.2ms)


Started GET "/app_demo/index" for 127.0.0.1 at 2017-07-05 13:33:31 +0530
Processing by AppDemoController#index as HTML
  Rendering app_demo/index.html.erb within layouts/application
  Rendered app_demo/index.html.erb within layouts/application (0.8ms)
Completed 200 OK in 60ms (Views: 53.4ms)


Started GET "/app_demo/index" for 127.0.0.1 at 2017-07-05 13:33:34 +0530
Processing by AppDemoController#index as HTML
  Rendering app_demo/index.html.erb within layouts/application
  Rendered app_demo/index.html.erb within layouts/application (0.6ms)
Completed 200 OK in 38ms (Views: 34.8ms)


Started GET "/app_demo/index" for 127.0.0.1 at 2017-07-05 13:33:49 +0530
Processing by AppDemoController#index as HTML
  Rendering app_demo/index.html.erb within layouts/application
  Rendered app_demo/index.html.erb within layouts/application (0.5ms)
Completed 200 OK in 43ms (Views: 39.6ms)


Started GET "/app_demo/index" for 127.0.0.1 at 2017-07-05 13:34:16 +0530
Processing by AppDemoController#index as HTML
  Rendering app_demo/index.html.erb within layouts/application
  Rendered app_demo/index.html.erb within layouts/application (0.5ms)
Completed 200 OK in 46ms (Views: 42.3ms)


Started GET "/app_demo/index" for 127.0.0.1 at 2017-07-05 13:34:40 +0530
Processing by AppDemoController#index as HTML
  Rendering app_demo/index.html.erb within layouts/application
  Rendered app_demo/index.html.erb within layouts/application (0.5ms)
Completed 200 OK in 33ms (Views: 30.0ms)


Started GET "/app_demo/index" for 127.0.0.1 at 2017-07-05 13:34:57 +0530
Processing by AppDemoController#index as HTML
  Rendering app_demo/index.html.erb within layouts/application
  Rendered app_demo/index.html.erb within layouts/application (0.8ms)
Completed 200 OK in 41ms (Views: 37.8ms)


Started GET "/app_demo/index" for 127.0.0.1 at 2017-07-05 13:35:23 +0530
Processing by AppDemoController#index as HTML
  Rendering app_demo/index.html.erb within layouts/application
  Rendered app_demo/index.html.erb within layouts/application (0.6ms)
Completed 200 OK in 44ms (Views: 40.9ms)


Started GET "/app_demo/index" for 127.0.0.1 at 2017-07-05 13:36:03 +0530
Processing by AppDemoController#index as HTML
  Rendering app_demo/index.html.erb within layouts/application
  Rendered app_demo/index.html.erb within layouts/application (0.8ms)
Completed 200 OK in 35ms (Views: 32.2ms)


Started GET "/app_demo/index" for 127.0.0.1 at 2017-07-05 13:36:21 +0530
Processing by AppDemoController#index as HTML
  Rendering app_demo/index.html.erb within layouts/application
  Rendered app_demo/index.html.erb within layouts/application (0.8ms)
Completed 200 OK in 32ms (Views: 29.3ms)


Started GET "/app_demo/index" for 127.0.0.1 at 2017-07-05 13:38:39 +0530
Processing by AppDemoController#index as HTML
  Rendering app_demo/index.html.erb within layouts/application
  Rendered app_demo/index.html.erb within layouts/application (0.6ms)
Completed 200 OK in 37ms (Views: 33.9ms)


Started GET "/app_demo/index" for 127.0.0.1 at 2017-07-05 13:40:04 +0530
Processing by AppDemoController#index as HTML
  Rendering app_demo/index.html.erb within layouts/application
  Rendered app_demo/index.html.erb within layouts/application (1.0ms)
Completed 200 OK in 38ms (Views: 34.8ms)


Started GET "/app_demo/index" for 127.0.0.1 at 2017-07-05 13:41:00 +0530
Processing by AppDemoController#index as HTML
  Rendering app_demo/index.html.erb within layouts/application
  Rendered app_demo/index.html.erb within layouts/application (0.6ms)
Completed 200 OK in 36ms (Views: 32.9ms)


Started GET "/app_demo/todo" for 127.0.0.1 at 2017-07-05 13:45:24 +0530
Processing by AppDemoController#todo as HTML
  Rendering app_demo/todo.html.erb within layouts/application
  Rendered app_demo/todo.html.erb within layouts/application (0.5ms)
Completed 200 OK in 33ms (Views: 30.4ms)


Started GET "/app_demo/todo" for 127.0.0.1 at 2017-07-05 13:45:30 +0530
Processing by AppDemoController#todo as HTML
  Rendering app_demo/todo.html.erb within layouts/application
  Rendered app_demo/todo.html.erb within layouts/application (0.6ms)
Completed 200 OK in 37ms (Views: 33.8ms)


Started GET "/app_demo/todo" for 127.0.0.1 at 2017-07-05 13:45:50 +0530
Processing by AppDemoController#todo as HTML
  Rendering app_demo/todo.html.erb within layouts/application
  Rendered app_demo/todo.html.erb within layouts/application (0.7ms)
Completed 500 Internal Server Error in 83ms


  
ActionView::Template::Error (Can't find todos.js in /Users/kamlesh/Kamlesh/poc/rails-react-demoapp/public/packs/manifest.json. Is webpack still compiling?):
    12:   <body>
    13:     <%= yield %>
    14:     <%= javascript_pack_tag 'my_file' %>
    15:     <%= javascript_pack_tag 'todos' %>
    16:   </body>
    17: </html>
  
app/views/layouts/application.html.erb:15:in `_app_views_layouts_application_html_erb__2537288706854675371_70094449613120'
Started GET "/app_demo/todo" for 127.0.0.1 at 2017-07-05 13:46:10 +0530
Processing by AppDemoController#todo as HTML
  Rendering app_demo/todo.html.erb within layouts/application
  Rendered app_demo/todo.html.erb within layouts/application (0.6ms)
Completed 200 OK in 40ms (Views: 36.4ms)


Started GET "/app_demo/todo" for 127.0.0.1 at 2017-07-05 13:47:05 +0530
Processing by AppDemoController#todo as HTML
  Rendering app_demo/todo.html.erb within layouts/application
  Rendered app_demo/todo.html.erb within layouts/application (0.7ms)
Completed 200 OK in 65ms (Views: 62.1ms)


Started GET "/app_demo/todo" for 127.0.0.1 at 2017-07-05 13:47:34 +0530
Processing by AppDemoController#todo as HTML
  Rendering app_demo/todo.html.erb within layouts/application
  Rendered app_demo/todo.html.erb within layouts/application (0.7ms)
Completed 200 OK in 43ms (Views: 39.4ms)


Started GET "/app_demo/todo" for 127.0.0.1 at 2017-07-05 13:48:00 +0530
Processing by AppDemoController#todo as HTML
  Rendering app_demo/todo.html.erb within layouts/application
  Rendered app_demo/todo.html.erb within layouts/application (0.6ms)
Completed 200 OK in 44ms (Views: 40.5ms)


Started GET "/app_demo/todo" for 127.0.0.1 at 2017-07-05 13:48:05 +0530
Processing by AppDemoController#todo as HTML
  Rendering app_demo/todo.html.erb within layouts/application
  Rendered app_demo/todo.html.erb within layouts/application (0.6ms)
Completed 200 OK in 36ms (Views: 33.3ms)


Started GET "/app_demo/todo" for 127.0.0.1 at 2017-07-05 13:52:18 +0530
Processing by AppDemoController#todo as HTML
  Rendering app_demo/todo.html.erb within layouts/application
  Rendered app_demo/todo.html.erb within layouts/application (0.6ms)
Completed 200 OK in 47ms (Views: 43.2ms)


Started GET "/app_demo/todo" for 127.0.0.1 at 2017-07-05 13:55:06 +0530
Processing by AppDemoController#todo as HTML
  Rendering app_demo/todo.html.erb within layouts/application
  Rendered app_demo/todo.html.erb within layouts/application (0.5ms)
Completed 200 OK in 39ms (Views: 35.3ms)


Started GET "/app_demo/todo" for 127.0.0.1 at 2017-07-05 13:58:26 +0530
Processing by AppDemoController#todo as HTML
  Rendering app_demo/todo.html.erb within layouts/application
  Rendered app_demo/todo.html.erb within layouts/application (0.6ms)
Completed 200 OK in 64ms (Views: 60.0ms)


Started GET "/app_demo/todo" for 127.0.0.1 at 2017-07-05 13:58:46 +0530
Processing by AppDemoController#todo as HTML
  Rendering app_demo/todo.html.erb within layouts/application
  Rendered app_demo/todo.html.erb within layouts/application (0.6ms)
Completed 200 OK in 52ms (Views: 46.7ms)


Started GET "/app_demo/index" for 127.0.0.1 at 2017-07-05 13:58:55 +0530
Processing by AppDemoController#index as HTML
  Rendering app_demo/index.html.erb within layouts/application
  Rendered app_demo/index.html.erb within layouts/application (0.6ms)
Completed 200 OK in 57ms (Views: 53.6ms)


Started GET "/app_demo/todo" for 127.0.0.1 at 2017-07-05 13:59:28 +0530
Processing by AppDemoController#todo as HTML
  Rendering app_demo/todo.html.erb within layouts/application
  Rendered app_demo/todo.html.erb within layouts/application (0.6ms)
Completed 200 OK in 45ms (Views: 42.1ms)


Started GET "/app_demo/todo" for 127.0.0.1 at 2017-07-05 14:01:33 +0530
Processing by AppDemoController#todo as HTML
  Rendering app_demo/todo.html.erb within layouts/application
  Rendered app_demo/todo.html.erb within layouts/application (0.6ms)
Completed 200 OK in 46ms (Views: 41.2ms)


Started GET "/app_demo/todo" for 127.0.0.1 at 2017-07-05 14:01:45 +0530
Processing by AppDemoController#todo as HTML
  Rendering app_demo/todo.html.erb within layouts/application
  Rendered app_demo/todo.html.erb within layouts/application (0.7ms)
Completed 200 OK in 60ms (Views: 53.3ms)


Started GET "/app_demo/todo" for 127.0.0.1 at 2017-07-05 14:01:59 +0530
Processing by AppDemoController#todo as HTML
  Rendering app_demo/todo.html.erb within layouts/application
  Rendered app_demo/todo.html.erb within layouts/application (2.4ms)
Completed 200 OK in 50ms (Views: 46.3ms)


Started GET "/app_demo/todo" for 127.0.0.1 at 2017-07-05 14:02:25 +0530
Processing by AppDemoController#todo as HTML
  Rendering app_demo/todo.html.erb within layouts/application
  Rendered app_demo/todo.html.erb within layouts/application (0.6ms)
Completed 200 OK in 42ms (Views: 38.9ms)


Started GET "/app_demo/todo" for 127.0.0.1 at 2017-07-05 14:02:32 +0530
Processing by AppDemoController#todo as HTML
  Rendering app_demo/todo.html.erb within layouts/application
  Rendered app_demo/todo.html.erb within layouts/application (0.5ms)
Completed 200 OK in 39ms (Views: 32.8ms)


Started GET "/app_demo/todo" for 127.0.0.1 at 2017-07-05 14:07:26 +0530
Processing by AppDemoController#todo as HTML
  Rendering app_demo/todo.html.erb within layouts/application
  Rendered app_demo/todo.html.erb within layouts/application (4.2ms)
Completed 200 OK in 41ms (Views: 36.3ms)


Started GET "/app_demo/todo" for 127.0.0.1 at 2017-07-05 14:07:45 +0530
Processing by AppDemoController#todo as HTML
  Rendering app_demo/todo.html.erb within layouts/application
  Rendered app_demo/todo.html.erb within layouts/application (3.9ms)
Completed 200 OK in 52ms (Views: 48.0ms)


Started GET "/app_demo/todo" for 127.0.0.1 at 2017-07-05 14:08:10 +0530
Processing by AppDemoController#todo as HTML
  Rendering app_demo/todo.html.erb within layouts/application
  Rendered app_demo/todo.html.erb within layouts/application (4.2ms)
Completed 200 OK in 47ms (Views: 43.7ms)


Started GET "/app_demo/todo" for 127.0.0.1 at 2017-07-05 14:08:25 +0530
Processing by AppDemoController#todo as HTML
  Rendering app_demo/todo.html.erb within layouts/application
  Rendered app_demo/todo.html.erb within layouts/application (3.8ms)
Completed 200 OK in 35ms (Views: 31.3ms)


Started GET "/app_demo/index" for 127.0.0.1 at 2017-07-05 14:08:37 +0530
Processing by AppDemoController#index as HTML
  Rendering app_demo/index.html.erb within layouts/application
  Rendered app_demo/index.html.erb within layouts/application (4.1ms)
Completed 200 OK in 32ms (Views: 28.5ms)


Started GET "/" for 127.0.0.1 at 2017-07-07 09:04:47 +0530
Processing by Rails::WelcomeController#index as HTML
  Rendering /Users/riteshkumar/.rvm/gems/ruby-2.4.1@react/gems/railties-5.1.2/lib/rails/templates/rails/welcome/index.html.erb
  Rendered /Users/riteshkumar/.rvm/gems/ruby-2.4.1@react/gems/railties-5.1.2/lib/rails/templates/rails/welcome/index.html.erb (2.2ms)
Completed 200 OK in 133ms (Views: 6.2ms)


Started GET "/app_demos" for 127.0.0.1 at 2017-07-07 09:05:03 +0530
  
ActionController::RoutingError (No route matches [GET] "/app_demos"):
  
actionpack (5.1.2) lib/action_dispatch/middleware/debug_exceptions.rb:63:in `call'
web-console (3.5.1) lib/web_console/middleware.rb:135:in `call_app'
web-console (3.5.1) lib/web_console/middleware.rb:28:in `block in call'
web-console (3.5.1) lib/web_console/middleware.rb:18:in `catch'
web-console (3.5.1) lib/web_console/middleware.rb:18:in `call'
actionpack (5.1.2) lib/action_dispatch/middleware/show_exceptions.rb:31:in `call'
railties (5.1.2) lib/rails/rack/logger.rb:36:in `call_app'
railties (5.1.2) lib/rails/rack/logger.rb:24:in `block in call'
activesupport (5.1.2) lib/active_support/tagged_logging.rb:69:in `block in tagged'
activesupport (5.1.2) lib/active_support/tagged_logging.rb:26:in `tagged'
activesupport (5.1.2) lib/active_support/tagged_logging.rb:69:in `tagged'
railties (5.1.2) lib/rails/rack/logger.rb:24:in `call'
sprockets-rails (3.2.0) lib/sprockets/rails/quiet_assets.rb:13:in `call'
actionpack (5.1.2) lib/action_dispatch/middleware/remote_ip.rb:79:in `call'
actionpack (5.1.2) lib/action_dispatch/middleware/request_id.rb:25:in `call'
rack (2.0.3) lib/rack/method_override.rb:22:in `call'
rack (2.0.3) lib/rack/runtime.rb:22:in `call'
activesupport (5.1.2) lib/active_support/cache/strategy/local_cache_middleware.rb:27:in `call'
actionpack (5.1.2) lib/action_dispatch/middleware/executor.rb:12:in `call'
actionpack (5.1.2) lib/action_dispatch/middleware/static.rb:125:in `call'
rack (2.0.3) lib/rack/sendfile.rb:111:in `call'
railties (5.1.2) lib/rails/engine.rb:522:in `call'
puma (3.9.1) lib/puma/configuration.rb:224:in `call'
puma (3.9.1) lib/puma/server.rb:602:in `handle_request'
puma (3.9.1) lib/puma/server.rb:435:in `process_client'
puma (3.9.1) lib/puma/server.rb:299:in `block in run'
puma (3.9.1) lib/puma/thread_pool.rb:120:in `block in spawn_thread'
Started GET "/app_demo" for 127.0.0.1 at 2017-07-07 09:05:08 +0530
  
ActionController::RoutingError (No route matches [GET] "/app_demo"):
  
actionpack (5.1.2) lib/action_dispatch/middleware/debug_exceptions.rb:63:in `call'
web-console (3.5.1) lib/web_console/middleware.rb:135:in `call_app'
web-console (3.5.1) lib/web_console/middleware.rb:28:in `block in call'
web-console (3.5.1) lib/web_console/middleware.rb:18:in `catch'
web-console (3.5.1) lib/web_console/middleware.rb:18:in `call'
actionpack (5.1.2) lib/action_dispatch/middleware/show_exceptions.rb:31:in `call'
railties (5.1.2) lib/rails/rack/logger.rb:36:in `call_app'
railties (5.1.2) lib/rails/rack/logger.rb:24:in `block in call'
activesupport (5.1.2) lib/active_support/tagged_logging.rb:69:in `block in tagged'
activesupport (5.1.2) lib/active_support/tagged_logging.rb:26:in `tagged'
activesupport (5.1.2) lib/active_support/tagged_logging.rb:69:in `tagged'
railties (5.1.2) lib/rails/rack/logger.rb:24:in `call'
sprockets-rails (3.2.0) lib/sprockets/rails/quiet_assets.rb:13:in `call'
actionpack (5.1.2) lib/action_dispatch/middleware/remote_ip.rb:79:in `call'
actionpack (5.1.2) lib/action_dispatch/middleware/request_id.rb:25:in `call'
rack (2.0.3) lib/rack/method_override.rb:22:in `call'
rack (2.0.3) lib/rack/runtime.rb:22:in `call'
activesupport (5.1.2) lib/active_support/cache/strategy/local_cache_middleware.rb:27:in `call'
actionpack (5.1.2) lib/action_dispatch/middleware/executor.rb:12:in `call'
actionpack (5.1.2) lib/action_dispatch/middleware/static.rb:125:in `call'
rack (2.0.3) lib/rack/sendfile.rb:111:in `call'
railties (5.1.2) lib/rails/engine.rb:522:in `call'
puma (3.9.1) lib/puma/configuration.rb:224:in `call'
puma (3.9.1) lib/puma/server.rb:602:in `handle_request'
puma (3.9.1) lib/puma/server.rb:435:in `process_client'
puma (3.9.1) lib/puma/server.rb:299:in `block in run'
puma (3.9.1) lib/puma/thread_pool.rb:120:in `block in spawn_thread'
Started GET "/app_demo/index" for 127.0.0.1 at 2017-07-07 09:05:29 +0530
Processing by AppDemoController#index as HTML
  Rendering app_demo/index.html.erb within layouts/application
  Rendered app_demo/index.html.erb within layouts/application (128.4ms)
Completed 200 OK in 1009ms (Views: 1007.4ms)


Started GET "/app_demo/todo" for 127.0.0.1 at 2017-07-07 09:06:04 +0530
Processing by AppDemoController#todo as HTML
  Rendering app_demo/todo.html.erb within layouts/application
  Rendered app_demo/todo.html.erb within layouts/application (1.3ms)
Completed 200 OK in 13ms (Views: 11.6ms)


Started GET "/app_demo/todo" for 127.0.0.1 at 2017-07-07 09:07:16 +0530
Processing by AppDemoController#todo as HTML
  Rendering app_demo/todo.html.erb within layouts/application
  Rendered app_demo/todo.html.erb within layouts/application (1.4ms)
Completed 200 OK in 14ms (Views: 12.7ms)


Started GET "/app_demo/todo" for 127.0.0.1 at 2017-07-07 09:07:34 +0530
Processing by AppDemoController#todo as HTML
  Rendering app_demo/todo.html.erb within layouts/application
  Rendered app_demo/todo.html.erb within layouts/application (1.5ms)
Completed 200 OK in 14ms (Views: 12.3ms)


Started GET "/app_demo/todo" for 127.0.0.1 at 2017-07-07 09:08:02 +0530
Processing by AppDemoController#todo as HTML
  Rendering app_demo/todo.html.erb within layouts/application
  Rendered app_demo/todo.html.erb within layouts/application (1.5ms)
Completed 200 OK in 13ms (Views: 11.8ms)


Started GET "/app_demo/index" for 127.0.0.1 at 2017-07-07 09:08:28 +0530
Processing by AppDemoController#index as HTML
  Rendering app_demo/index.html.erb within layouts/application
  Rendered app_demo/index.html.erb within layouts/application (1.4ms)
Completed 200 OK in 13ms (Views: 11.8ms)


Started GET "/" for 127.0.0.1 at 2017-07-21 11:28:45 +0530
Processing by Rails::WelcomeController#index as HTML
  Rendering /Users/riteshkumar/.rvm/gems/ruby-2.4.1@react/gems/railties-5.1.2/lib/rails/templates/rails/welcome/index.html.erb
  Rendered /Users/riteshkumar/.rvm/gems/ruby-2.4.1@react/gems/railties-5.1.2/lib/rails/templates/rails/welcome/index.html.erb (2.3ms)
Completed 200 OK in 148ms (Views: 6.4ms)


Started GET "/hello_world" for 127.0.0.1 at 2017-07-21 11:28:49 +0530
  
ActionController::RoutingError (No route matches [GET] "/hello_world"):
  
actionpack (5.1.2) lib/action_dispatch/middleware/debug_exceptions.rb:63:in `call'
web-console (3.5.1) lib/web_console/middleware.rb:135:in `call_app'
web-console (3.5.1) lib/web_console/middleware.rb:28:in `block in call'
web-console (3.5.1) lib/web_console/middleware.rb:18:in `catch'
web-console (3.5.1) lib/web_console/middleware.rb:18:in `call'
actionpack (5.1.2) lib/action_dispatch/middleware/show_exceptions.rb:31:in `call'
railties (5.1.2) lib/rails/rack/logger.rb:36:in `call_app'
railties (5.1.2) lib/rails/rack/logger.rb:24:in `block in call'
activesupport (5.1.2) lib/active_support/tagged_logging.rb:69:in `block in tagged'
activesupport (5.1.2) lib/active_support/tagged_logging.rb:26:in `tagged'
activesupport (5.1.2) lib/active_support/tagged_logging.rb:69:in `tagged'
railties (5.1.2) lib/rails/rack/logger.rb:24:in `call'
sprockets-rails (3.2.0) lib/sprockets/rails/quiet_assets.rb:13:in `call'
actionpack (5.1.2) lib/action_dispatch/middleware/remote_ip.rb:79:in `call'
actionpack (5.1.2) lib/action_dispatch/middleware/request_id.rb:25:in `call'
rack (2.0.3) lib/rack/method_override.rb:22:in `call'
rack (2.0.3) lib/rack/runtime.rb:22:in `call'
activesupport (5.1.2) lib/active_support/cache/strategy/local_cache_middleware.rb:27:in `call'
actionpack (5.1.2) lib/action_dispatch/middleware/executor.rb:12:in `call'
actionpack (5.1.2) lib/action_dispatch/middleware/static.rb:125:in `call'
rack (2.0.3) lib/rack/sendfile.rb:111:in `call'
railties (5.1.2) lib/rails/engine.rb:522:in `call'
puma (3.9.1) lib/puma/configuration.rb:224:in `call'
puma (3.9.1) lib/puma/server.rb:602:in `handle_request'
puma (3.9.1) lib/puma/server.rb:435:in `process_client'
puma (3.9.1) lib/puma/server.rb:299:in `block in run'
puma (3.9.1) lib/puma/thread_pool.rb:120:in `block in spawn_thread'
Started GET "/app_demo/index" for 127.0.0.1 at 2017-07-21 11:28:59 +0530
Processing by AppDemoController#index as HTML
  Rendering app_demo/index.html.erb within layouts/application
  Rendered app_demo/index.html.erb within layouts/application (123.6ms)
Completed 200 OK in 986ms (Views: 984.3ms)


Started GET "/app_demo/index" for 127.0.0.1 at 2017-07-21 11:30:17 +0530
Processing by AppDemoController#index as HTML
  Rendering app_demo/index.html.erb within layouts/application
  Rendered app_demo/index.html.erb within layouts/application (129.7ms)
Completed 200 OK in 1117ms (Views: 1026.6ms)


Started GET "/app_demo/todo" for 127.0.0.1 at 2017-07-21 11:30:30 +0530
Processing by AppDemoController#todo as HTML
  Rendering app_demo/todo.html.erb within layouts/application
  Rendered app_demo/todo.html.erb within layouts/application (1.4ms)
Completed 200 OK in 13ms (Views: 11.7ms)


